<?xml version="1.0" encoding="UTF-8"?>
<!-- Generated by org.testng.reporters.JUnitXMLReporter -->
<testsuite hostname="LAPTOP-CM29R4OJ" ignored="1" name="Test" tests="4" failures="1" timestamp="2022-02-26T11:21:52 IST" time="0.04" errors="0">
  <testcase name="login2" time="0.007" classname="com.TestNGfeatures.Test_Demo">
    <skipped/>
  </testcase> <!-- login2 -->
  <testcase name="login2" time="0.001" classname="com.TestNGfeatures.Test_Demo">
    <skipped/>
  </testcase> <!-- login2 -->
  <testcase name="login2" time="0.001" classname="com.TestNGfeatures.Test_Demo">
    <skipped/>
  </testcase> <!-- login2 -->
  <testcase name="login2" time="0.0" classname="com.TestNGfeatures.Test_Demo">
    <failure type="java.lang.AssertionError" message="expected [selenium] but found [Selenium]">
      <![CDATA[java.lang.AssertionError: expected [selenium] but found [Selenium]
at com.TestNGfeatures.Test_Demo.login2(Test_Demo.java:19)
at java.util.ArrayList.forEach(Unknown Source)
... Removed 33 stack frames]]>
    </failure>
  </testcase> <!-- login2 -->
  <testcase name="login1" time="0.0" classname="com.TestNGfeatures.Test_Demo">
    <ignored/>
  </testcase> <!-- login1 -->
</testsuite> <!-- Test -->
